<?xml version="1.0" encoding="utf-8" ?>
<!-- DO NOT EDIT THIS FILE -->

<log version='2.0' source='trc'>
	<msg id='1' display='false' source='trc'>
		<type>PROCESS_START</type>
		<severity>INFO</severity>
		<timestamp>Thu Nov  2 18:59:11 2023</timestamp>
		<arg name='process'>/home/xmihol00/proj01/build_advisor/mandelbrot</arg>
		<arg name='pid'>548405</arg>
	</msg>
	<!-- Instrumentation filter's state:
    Patterns applicability:
        Generic loop pattern.....................: enabled
        Generic loop pattern (with dynamic jumps): enabled
        Known trip value loop pattern............: enabled
        Runtime final value loop pattern.........: enabled
        No initial IV loop pattern...............: enabled
        IV step only loop pattern................: enabled
        No entry loop pattern....................: enabled
    Clustered memory model (CMM) applicability:
        Generic loop pattern.....................: enabled
        Generic loop pattern (with dynamic jumps): enabled
        Known trip value loop pattern............: enabled
        Runtime final value loop pattern.........: enabled
        No initial IV loop pattern...............: enabled
        IV step only loop pattern................: enabled
        No entry loop pattern....................: disabled
 -->
	<!-- Callstack mode:
    filter modules.........: true
    filter routines........: true
    count loops............: false
    count flops............: false
    trace..................: false
    extended trace.........: false
    omp trace..............: false
    jit trace..............: false
    failures trace.........: false
    dump raw...............: false
    dump final.............: false
    dump all...............: false
    stack stitching........: true
    stl profiling..........: true
    aggressive frame switch: true
    unwind frame exit......: true
    analyze child loops....: true
 -->
	<!-- Managed application profiling: -->
	<!-- 	State...................: enabled -->
	<!-- Gpu Profiling: -->
	<!-- 	State: disabled -->
	<msg id='2' display='false' source='trc'>
		<type>PROCESS_ANALYSIS_MODE</type>
		<severity>INFO</severity>
		<timestamp>Thu Nov  2 18:59:11 2023</timestamp>
		<arg name='mode'>full</arg>
	</msg>
	<!-- Update image info for [1:0x400000:YN] /home/xmihol00/proj01/build_advisor/mandelbrot -->
	<msg id='3' display='false' source='trc'>
		<type>LOAD_MODULE</type>
		<severity>INFO</severity>
		<timestamp>Thu Nov  2 18:59:11 2023</timestamp>
		<arg name='module'>/home/xmihol00/proj01/build_advisor/mandelbrot</arg>
		<arg name='basement'>0x400000</arg>
		<arg name='ceiling'>0x49e97f</arg>
		<arg name='symtab'>yes</arg>
	</msg>
	<!-- Instrumenting image: id = 1, name = /home/xmihol00/proj01/build_advisor/mandelbrot -->
	<!-- Instrumenting loops in routine "LineMandelCalculator::LineMandelCalculator" -->
	<!-- Instrumenting loops in routine "LineMandelCalculator::calculateMandelbrot" -->
	<!-- Instrumenting loops in routine "main" -->
	<!-- skipping routine "__intel_skx_avx512_memcpy", reason cannot build control-flow graph (HasInvalidJumpTarget) -->
	<!-- Update image info for [2:0x1550FB3E5000:YN] /lib64/ld-linux-x86-64.so.2 -->
	<msg id='4' display='false' source='trc'>
		<type>LOAD_MODULE</type>
		<severity>INFO</severity>
		<timestamp>Thu Nov  2 18:59:12 2023</timestamp>
		<arg name='module'>/lib64/ld-linux-x86-64.so.2</arg>
		<arg name='basement'>0x1550fb3e5000</arg>
		<arg name='ceiling'>0x1550fb6131cf</arg>
		<arg name='symtab'>yes</arg>
	</msg>
	<!-- Instrumentation of /lib64/ld-linux-x86-64.so.2 image skipped because of filter conditions [cs-mode]. -->
	<!-- Update image info for [3:0x7FFC55D88000:NN] [vdso] -->
	<msg id='5' display='false' source='trc'>
		<type>LOAD_MODULE</type>
		<severity>INFO</severity>
		<timestamp>Thu Nov  2 18:59:12 2023</timestamp>
		<arg name='module'>[vdso]</arg>
		<arg name='basement'>0x7ffc55d88000</arg>
		<arg name='ceiling'>0x7ffc55d88f5c</arg>
		<arg name='symtab'>no</arg>
	</msg>
	<!-- Instrumentation of [vdso] image skipped because of filter conditions [cs-mode]. -->
	<!-- Update image info for [4:0x1550E4221000:YN] /apps/all/zlib/1.2.12-GCCcore-11.3.0/lib/libz.so.1 -->
	<msg id='6' display='false' source='trc'>
		<type>LOAD_MODULE</type>
		<severity>INFO</severity>
		<timestamp>Thu Nov  2 18:59:12 2023</timestamp>
		<arg name='module'>/apps/all/zlib/1.2.12-GCCcore-11.3.0/lib/libz.so.1</arg>
		<arg name='basement'>0x1550e4221000</arg>
		<arg name='ceiling'>0x1550e4239180</arg>
		<arg name='symtab'>yes</arg>
	</msg>
	<!-- Instrumentation of /apps/all/zlib/1.2.12-GCCcore-11.3.0/lib/libz.so.1 image skipped because of filter conditions [cs-mode]. -->
	<!-- Update image info for [5:0x1550E3FA1000:YN] /apps/all/GCCcore/11.3.0/lib64/libstdc++.so.6 -->
	<msg id='7' display='false' source='trc'>
		<type>LOAD_MODULE</type>
		<severity>INFO</severity>
		<timestamp>Thu Nov  2 18:59:12 2023</timestamp>
		<arg name='module'>/apps/all/GCCcore/11.3.0/lib64/libstdc++.so.6</arg>
		<arg name='basement'>0x1550e3fa1000</arg>
		<arg name='ceiling'>0x1550e41cd1bf</arg>
		<arg name='symtab'>yes</arg>
	</msg>
	<!-- Instrumentation of /apps/all/GCCcore/11.3.0/lib64/libstdc++.so.6 image skipped because of filter conditions [cs-mode]. -->
	<!-- Update image info for [6:0x1550E3BE3000:YN] /lib64/libm.so.6 -->
	<msg id='8' display='false' source='trc'>
		<type>LOAD_MODULE</type>
		<severity>INFO</severity>
		<timestamp>Thu Nov  2 18:59:12 2023</timestamp>
		<arg name='module'>/lib64/libm.so.6</arg>
		<arg name='basement'>0x1550e3be3000</arg>
		<arg name='ceiling'>0x1550e3f6413f</arg>
		<arg name='symtab'>yes</arg>
	</msg>
	<!-- Instrumentation of /lib64/libm.so.6 image skipped because of filter conditions [cs-mode]. -->
	<!-- Update image info for [7:0x1550E3BC9000:YN] /apps/all/GCCcore/11.3.0/lib64/libgcc_s.so.1 -->
	<msg id='9' display='false' source='trc'>
		<type>LOAD_MODULE</type>
		<severity>INFO</severity>
		<timestamp>Thu Nov  2 18:59:12 2023</timestamp>
		<arg name='module'>/apps/all/GCCcore/11.3.0/lib64/libgcc_s.so.1</arg>
		<arg name='basement'>0x1550e3bc9000</arg>
		<arg name='ceiling'>0x1550e3be2447</arg>
		<arg name='symtab'>yes</arg>
	</msg>
	<!-- Instrumentation of /apps/all/GCCcore/11.3.0/lib64/libgcc_s.so.1 image skipped because of filter conditions [cs-mode]. -->
	<!-- Update image info for [8:0x1550E37F8000:YN] /lib64/libc.so.6 -->
	<msg id='10' display='false' source='trc'>
		<type>LOAD_MODULE</type>
		<severity>INFO</severity>
		<timestamp>Thu Nov  2 18:59:12 2023</timestamp>
		<arg name='module'>/lib64/libc.so.6</arg>
		<arg name='basement'>0x1550e37f8000</arg>
		<arg name='ceiling'>0x1550e3bbc73f</arg>
		<arg name='symtab'>yes</arg>
	</msg>
	<!-- Instrumentation of /lib64/libc.so.6 image skipped because of filter conditions. -->
	<!-- Update image info for [9:0x1550E35F4000:YN] /lib64/libdl.so.2 -->
	<msg id='11' display='false' source='trc'>
		<type>LOAD_MODULE</type>
		<severity>INFO</severity>
		<timestamp>Thu Nov  2 18:59:12 2023</timestamp>
		<arg name='module'>/lib64/libdl.so.2</arg>
		<arg name='basement'>0x1550e35f4000</arg>
		<arg name='ceiling'>0x1550e37f712f</arg>
		<arg name='symtab'>yes</arg>
	</msg>
	<!-- Instrumentation of /lib64/libdl.so.2 image skipped because of filter conditions [cs-mode]. -->
	<msg id='12' display='false' source='trc'>
		<type>UNLOAD_MODULE</type>
		<severity>INFO</severity>
		<timestamp>Thu Nov  2 18:59:15 2023</timestamp>
		<arg name='module'>/home/xmihol00/proj01/build_advisor/mandelbrot</arg>
	</msg>
	<msg id='13' display='false' source='trc'>
		<type>UNLOAD_MODULE</type>
		<severity>INFO</severity>
		<timestamp>Thu Nov  2 18:59:15 2023</timestamp>
		<arg name='module'>/lib64/ld-linux-x86-64.so.2</arg>
	</msg>
	<msg id='14' display='false' source='trc'>
		<type>UNLOAD_MODULE</type>
		<severity>INFO</severity>
		<timestamp>Thu Nov  2 18:59:15 2023</timestamp>
		<arg name='module'>[vdso]</arg>
	</msg>
	<msg id='15' display='false' source='trc'>
		<type>UNLOAD_MODULE</type>
		<severity>INFO</severity>
		<timestamp>Thu Nov  2 18:59:15 2023</timestamp>
		<arg name='module'>/apps/all/zlib/1.2.12-GCCcore-11.3.0/lib/libz.so.1</arg>
	</msg>
	<msg id='16' display='false' source='trc'>
		<type>UNLOAD_MODULE</type>
		<severity>INFO</severity>
		<timestamp>Thu Nov  2 18:59:15 2023</timestamp>
		<arg name='module'>/apps/all/GCCcore/11.3.0/lib64/libstdc++.so.6</arg>
	</msg>
	<msg id='17' display='false' source='trc'>
		<type>UNLOAD_MODULE</type>
		<severity>INFO</severity>
		<timestamp>Thu Nov  2 18:59:15 2023</timestamp>
		<arg name='module'>/lib64/libm.so.6</arg>
	</msg>
	<msg id='18' display='false' source='trc'>
		<type>UNLOAD_MODULE</type>
		<severity>INFO</severity>
		<timestamp>Thu Nov  2 18:59:15 2023</timestamp>
		<arg name='module'>/apps/all/GCCcore/11.3.0/lib64/libgcc_s.so.1</arg>
	</msg>
	<msg id='19' display='false' source='trc'>
		<type>UNLOAD_MODULE</type>
		<severity>INFO</severity>
		<timestamp>Thu Nov  2 18:59:15 2023</timestamp>
		<arg name='module'>/lib64/libc.so.6</arg>
	</msg>
	<msg id='20' display='false' source='trc'>
		<type>UNLOAD_MODULE</type>
		<severity>INFO</severity>
		<timestamp>Thu Nov  2 18:59:15 2023</timestamp>
		<arg name='module'>/lib64/libdl.so.2</arg>
	</msg>
	<msg id='21' display='false' source='trc'>
		<type>PROCESS_FINISH</type>
		<severity>INFO</severity>
		<timestamp>Thu Nov  2 18:59:15 2023</timestamp>
		<arg name='process'>/home/xmihol00/proj01/build_advisor/mandelbrot</arg>
		<arg name='pid'>548405</arg>
		<arg name='exitcode'>0x0</arg>
	</msg>
	<!-- Application exited with code 0 -->
</log>