10 [22555042063104] INFO perfrun.launcher <> - Launcher main begin
11 [22555042063104] INFO perfrun.launcher <> - MessageCatalogInit finished
11 [22555042063104] INFO perfrun.launcher <> - Launcher instance created
11 [22555042063104] INFO perfrun.launcher <> - argc = 6; cmdline = /apps/all/Advisor/2021.4.0-GCCcore-10.3.0/advisor/2021.4.0/bin64/advixe-runss -dump-vdso -r /tmp/advixe-tmp-xmihol00/advixe-res-889976-6511530800994266 --tmp-dir /tmp/advixe-tmp-xmihol00 
62 [22555042063104] INFO perfrun.launcher <> - create msngr2::ICliToolContext
63 [22555042063104] INFO perfrun.launcher <> - create file finder object
65 [22554911639296] INFO perfrun.launcher <> - plugin [remoteplug] was disabled because it doesn't support the given collection type.
65 [22554911639296] INFO perfrun.launcher <> - plugin [system] was disabled because it doesn't support the given collection type.
65 [22554911639296] INFO perfrun.vdso <> - dumping [vdso] pseudomodule
66 [22554911639296] INFO perfrun.launcher <> - plugin [itt] was disabled because it doesn't support the given collection type.
66 [22554911639296] INFO perfrun.launcher <> - plugin [] was disabled because it doesn't support the given collection type.
66 [22554911639296] INFO perfrun.launcher <> - plugin [gpu] was disabled because it doesn't support the given collection type.
66 [22554911639296] INFO perfrun.launcher <> - plugin [] was disabled because it doesn't support the given collection type.
66 [22554911639296] INFO perfrun.launcher <> - plugin [] was disabled because it doesn't support the given collection type.
66 [22554911639296] INFO perfrun.launcher <> - plugin [] was disabled because it doesn't support the given collection type.
66 [22554911639296] INFO perfrun.launcher <> - plugin [mrte] was disabled because it doesn't support the given collection type.
66 [22554911639296] INFO perfrun.launcher <> - plugin [] was disabled because it doesn't support the given collection type.
66 [22554911639296] INFO perfrun.launcher <> - plugin [] was disabled because it doesn't support the given collection type.
66 [22554911639296] INFO perfrun.launcher <> - plugin [] was disabled because it doesn't support the given collection type.
66 [22554911639296] INFO perfrun.launcher <> - plugin [] was disabled because it doesn't support the given collection type.
66 [22554911639296] INFO perfrun.launcher <> - plugin [] was disabled because it doesn't support the given collection type.
66 [22554911639296] INFO perfrun.launcher <> - plugin [] was disabled because it doesn't support the given collection type.
66 [22554911639296] INFO perfrun.launcher <> - plugin [] was disabled because it doesn't support the given collection type.
66 [22554911639296] INFO perfrun.launcher <> - plugin [tpss] was disabled because it doesn't support the given collection type.
66 [22554911639296] INFO perfrun.launcher <> - plugin [] was disabled because it doesn't support the given collection type.
66 [22554911639296] INFO perfrun.launcher <> - plugin [] was disabled because it doesn't support the given collection type.
66 [22554911639296] INFO perfrun.launcher <> - plugin [] was disabled because it doesn't support the given collection type.
66 [22554911639296] INFO perfrun.launcher <> - plugin [] was disabled because it doesn't support the given collection type.
66 [22554911639296] INFO perfrun.launcher <> - plugin [] was disabled because it doesn't support the given collection type.
66 [22554911639296] INFO perfrun.launcher <> - plugin [] was disabled because it doesn't support the given collection type.
66 [22554911639296] INFO perfrun.launcher <> - plugin [] was disabled because it doesn't support the given collection type.
66 [22554911639296] INFO perfrun.launcher <> - plugin [] was disabled because it doesn't support the given collection type.
66 [22554911639296] INFO perfrun.launcher <> - plugin [] was disabled because it doesn't support the given collection type.
66 [22554911639296] INFO perfrun.launcher <> - plugin [] was disabled because it doesn't support the given collection type.
66 [22555042063104] INFO perfrun.launcher <> - Application exit code: 0
66 [22555042063104] INFO perfrun.launcher <> - Exit code: 0
