<?xml version="1.0" encoding="utf-8"?>
<log version="1.0" tool="runtool">

<msg id="1" tool="runtool">
  <type>log-start</type>
  <arg>2023/11/02 19:52:48</arg>
</msg>
<msg id="2" tool="runtool">
  <type>bandwidth-measurement-starts</type>
</msg>
<msg id="3" tool="runtool">
  <type>bandwidth-measurement-done</type>
</msg>
<msg id="4" tool="runtool">
  <type>collector-starts</type>
</msg>
<msg id="5" tool="runtool">
  <type>marker-file</type>
  <arg>/home/xmihol00/proj01/build_advisor/advisor-line/e000/trc000/trc000.advixe</arg>
</msg>
<msg id="6" tool="trc">
  <type>PROCESS_START</type>
  <arg>/home/xmihol00/proj01/build_advisor/mandelbrot</arg>
  <arg>676935</arg>
  <severity>INFO</severity>
  <timestamp>Thu Nov  2 18:53:03 2023</timestamp>
</msg>
<msg id="7" tool="trc">
  <type>PROCESS_ANALYSIS_MODE</type>
  <arg>full</arg>
  <severity>INFO</severity>
  <timestamp>Thu Nov  2 18:53:03 2023</timestamp>
</msg>
<msg id="8" tool="trc">
  <type>LOAD_MODULE</type>
  <arg>/home/xmihol00/proj01/build_advisor/mandelbrot</arg>
  <arg>0x400000</arg>
  <arg>0x4c297f</arg>
  <arg>yes</arg>
  <severity>INFO</severity>
  <timestamp>Thu Nov  2 18:53:03 2023</timestamp>
</msg>
<msg id="9" tool="trc">
  <type>LOAD_MODULE</type>
  <arg>/lib64/ld-linux-x86-64.so.2</arg>
  <arg>0x154f46e5e000</arg>
  <arg>0x154f4708c1cf</arg>
  <arg>yes</arg>
  <severity>INFO</severity>
  <timestamp>Thu Nov  2 18:53:03 2023</timestamp>
</msg>
<msg id="10" tool="trc">
  <type>LOAD_MODULE</type>
  <arg>[vdso]</arg>
  <arg>0x7ffe8e555000</arg>
  <arg>0x7ffe8e555f5c</arg>
  <arg>no</arg>
  <severity>INFO</severity>
  <timestamp>Thu Nov  2 18:53:03 2023</timestamp>
</msg>
<msg id="11" tool="trc">
  <type>LOAD_MODULE</type>
  <arg>/apps/all/zlib/1.2.12-GCCcore-11.3.0/lib/libz.so.1</arg>
  <arg>0x154f2fbd9000</arg>
  <arg>0x154f2fbf1180</arg>
  <arg>yes</arg>
  <severity>INFO</severity>
  <timestamp>Thu Nov  2 18:53:04 2023</timestamp>
</msg>
<msg id="12" tool="trc">
  <type>LOAD_MODULE</type>
  <arg>/apps/all/GCCcore/11.3.0/lib64/libstdc++.so.6</arg>
  <arg>0x154f2f952000</arg>
  <arg>0x154f2fb7e1bf</arg>
  <arg>yes</arg>
  <severity>INFO</severity>
  <timestamp>Thu Nov  2 18:53:04 2023</timestamp>
</msg>
<msg id="13" tool="trc">
  <type>LOAD_MODULE</type>
  <arg>/lib64/libm.so.6</arg>
  <arg>0x154f2f59d000</arg>
  <arg>0x154f2f91e13f</arg>
  <arg>yes</arg>
  <severity>INFO</severity>
  <timestamp>Thu Nov  2 18:53:04 2023</timestamp>
</msg>
<msg id="14" tool="trc">
  <type>LOAD_MODULE</type>
  <arg>/apps/all/GCCcore/11.3.0/lib64/libgcc_s.so.1</arg>
  <arg>0x154f2f583000</arg>
  <arg>0x154f2f59c447</arg>
  <arg>yes</arg>
  <severity>INFO</severity>
  <timestamp>Thu Nov  2 18:53:04 2023</timestamp>
</msg>
<msg id="15" tool="trc">
  <type>LOAD_MODULE</type>
  <arg>/lib64/libc.so.6</arg>
  <arg>0x154f2f1be000</arg>
  <arg>0x154f2f58273f</arg>
  <arg>yes</arg>
  <severity>INFO</severity>
  <timestamp>Thu Nov  2 18:53:04 2023</timestamp>
</msg>
<msg id="16" tool="trc">
  <type>LOAD_MODULE</type>
  <arg>/lib64/libdl.so.2</arg>
  <arg>0x154f2efba000</arg>
  <arg>0x154f2f1bd12f</arg>
  <arg>yes</arg>
  <severity>INFO</severity>
  <timestamp>Thu Nov  2 18:53:04 2023</timestamp>
</msg>
<msg id="17" tool="trc">
  <type>UNLOAD_MODULE</type>
  <arg>/home/xmihol00/proj01/build_advisor/mandelbrot</arg>
  <severity>INFO</severity>
  <timestamp>Thu Nov  2 18:53:07 2023</timestamp>
</msg>
<msg id="18" tool="trc">
  <type>UNLOAD_MODULE</type>
  <arg>/lib64/ld-linux-x86-64.so.2</arg>
  <severity>INFO</severity>
  <timestamp>Thu Nov  2 18:53:07 2023</timestamp>
</msg>
<msg id="19" tool="trc">
  <type>UNLOAD_MODULE</type>
  <arg>[vdso]</arg>
  <severity>INFO</severity>
  <timestamp>Thu Nov  2 18:53:07 2023</timestamp>
</msg>
<msg id="20" tool="trc">
  <type>UNLOAD_MODULE</type>
  <arg>/apps/all/zlib/1.2.12-GCCcore-11.3.0/lib/libz.so.1</arg>
  <severity>INFO</severity>
  <timestamp>Thu Nov  2 18:53:07 2023</timestamp>
</msg>
<msg id="21" tool="trc">
  <type>UNLOAD_MODULE</type>
  <arg>/apps/all/GCCcore/11.3.0/lib64/libstdc++.so.6</arg>
  <severity>INFO</severity>
  <timestamp>Thu Nov  2 18:53:07 2023</timestamp>
</msg>
<msg id="22" tool="trc">
  <type>UNLOAD_MODULE</type>
  <arg>/lib64/libm.so.6</arg>
  <severity>INFO</severity>
  <timestamp>Thu Nov  2 18:53:07 2023</timestamp>
</msg>
<msg id="23" tool="trc">
  <type>UNLOAD_MODULE</type>
  <arg>/apps/all/GCCcore/11.3.0/lib64/libgcc_s.so.1</arg>
  <severity>INFO</severity>
  <timestamp>Thu Nov  2 18:53:07 2023</timestamp>
</msg>
<msg id="24" tool="trc">
  <type>UNLOAD_MODULE</type>
  <arg>/lib64/libc.so.6</arg>
  <severity>INFO</severity>
  <timestamp>Thu Nov  2 18:53:07 2023</timestamp>
</msg>
<msg id="25" tool="trc">
  <type>UNLOAD_MODULE</type>
  <arg>/lib64/libdl.so.2</arg>
  <severity>INFO</severity>
  <timestamp>Thu Nov  2 18:53:07 2023</timestamp>
</msg>
<msg id="26" tool="trc">
  <type>PROCESS_FINISH</type>
  <arg>/home/xmihol00/proj01/build_advisor/mandelbrot</arg>
  <arg>676935</arg>
  <arg>0x0</arg>
  <severity>INFO</severity>
  <timestamp>Thu Nov  2 18:53:07 2023</timestamp>
</msg>
<msg id="27" tool="runtool">
  <type>app-exit-code</type>
  <arg>0</arg>
</msg>
<msg id="28" tool="runtool">
  <type>marker-file</type>
  <arg>/home/xmihol00/proj01/build_advisor/advisor-line/e000/trc000/trc000.advixe</arg>
</msg>
<msg id="29" tool="runtool">
  <type>collector-done</type>
</msg>
<msg id="30" tool="runtool">
  <type>log-end</type>
  <arg>2023/11/02 19:53:11</arg>
</msg>

</log>

